<?xml version="1.0" encoding="UTF-8"?>
<!-- Generated by org.testng.reporters.JUnitXMLReporter -->
<testsuite ignored="0" hostname="SujithComputer" failures="1" tests="1" name="Test" time="1.737" errors="0" timestamp="2021-04-03T17:39:44 IST">
  <testcase classname="com.qa.jira_api.CreateIssue" name="createSessionId" time="1.706">
    <failure type="java.lang.AssertionError" message="1 expectation failed.
Expected content-type &amp;quot;JSON&amp;quot; doesn&amp;apos;t match actual content-type &amp;quot;text/html;charset=UTF-8&amp;quot;.
">
      <![CDATA[java.lang.AssertionError: 1 expectation failed.
Expected content-type "JSON" doesn't match actual content-type "text/html;charset=UTF-8".

at org.codehaus.groovy.runtime.callsite.ConstructorSite$ConstructorSiteNoUnwrap.callConstructor(ConstructorSite.java:84)
at org.codehaus.groovy.runtime.callsite.CallSiteArray.defaultCallConstructor(CallSiteArray.java:59)
at org.codehaus.groovy.runtime.callsite.AbstractCallSite.callConstructor(AbstractCallSite.java:263)
at org.codehaus.groovy.runtime.callsite.AbstractCallSite.callConstructor(AbstractCallSite.java:277)
at io.restassured.internal.ResponseSpecificationImpl$HamcrestAssertionClosure.validate(ResponseSpecificationImpl.groovy:493)
at io.restassured.internal.ResponseSpecificationImpl$HamcrestAssertionClosure$validate$1.call(Unknown Source)
at org.codehaus.groovy.runtime.callsite.CallSiteArray.defaultCall(CallSiteArray.java:47)
at org.codehaus.groovy.runtime.callsite.AbstractCallSite.call(AbstractCallSite.java:125)
at org.codehaus.groovy.runtime.callsite.AbstractCallSite.call(AbstractCallSite.java:139)
at io.restassured.internal.ResponseSpecificationImpl.validate(ResponseSpecificationImpl.groovy:92)
at io.restassured.internal.ValidatableResponseOptionsImpl.spec(ValidatableResponseOptionsImpl.java:288)
at io.restassured.internal.ValidatableResponseImpl.super$2$spec(ValidatableResponseImpl.groovy)
at groovy.lang.MetaMethod.doMethodInvoke(MetaMethod.java:323)
at groovy.lang.MetaClassImpl.invokeMethod(MetaClassImpl.java:1262)
at org.codehaus.groovy.runtime.ScriptBytecodeAdapter.invokeMethodOnSuperN(ScriptBytecodeAdapter.java:144)
at io.restassured.internal.ValidatableResponseImpl.spec(ValidatableResponseImpl.groovy:76)
at io.restassured.internal.ValidatableResponseImpl.spec(ValidatableResponseImpl.groovy)
at com.qa.jira_api.CreateIssue.createSessionId(CreateIssue.java:48)
at java.base/java.util.ArrayList.forEach(ArrayList.java:1510)
... Removed 39 stack frames]]>
    </failure>
  </testcase> <!-- createSessionId -->
</testsuite> <!-- Test -->
