<?xml version="1.0" encoding="UTF-8"?>
<testng-results ignored="0" total="1" passed="1" failed="0" skipped="0">
  <reporter-output>
  </reporter-output>
  <suite started-at="2020-10-29T07:53:20 IST" name="Default suite" finished-at="2020-10-29T07:53:32 IST" duration-ms="12263">
    <groups>
    </groups>
    <test started-at="2020-10-29T07:53:20 IST" name="Default test" finished-at="2020-10-29T07:53:32 IST" duration-ms="12263">
      <class name="com.qa.oauth2.O.AuthorizationCodeGrantType">
        <test-method signature="testAuthorisationCode()[pri:0, instance:com.qa.oauth2.O.AuthorizationCodeGrantType@69e1dd28]" started-at="2020-10-29T07:53:20 IST" name="testAuthorisationCode" finished-at="2020-10-29T07:53:32 IST" duration-ms="12165" status="PASS">
          <reporter-output>
          </reporter-output>
        </test-method> <!-- testAuthorisationCode -->
      </class> <!-- com.qa.oauth2.O.AuthorizationCodeGrantType -->
    </test> <!-- Default test -->
  </suite> <!-- Default suite -->
</testng-results>
