<?xml version="1.0" encoding="UTF-8"?>
<testng-results ignored="0" total="1" passed="1" failed="0" skipped="0">
  <reporter-output>
  </reporter-output>
  <suite started-at="2021-04-03T17:34:15 IST" name="Suite" finished-at="2021-04-03T17:34:18 IST" duration-ms="3176">
    <groups>
    </groups>
    <test started-at="2021-04-03T17:34:15 IST" name="Test" finished-at="2021-04-03T17:34:18 IST" duration-ms="3176">
      <class name="com.qa.oauth2.O.AuthorizationCodeGrantType">
        <test-method signature="testAuthorisationCode()[pri:0, instance:com.qa.oauth2.O.AuthorizationCodeGrantType@1f3f4916]" started-at="2021-04-03T17:34:15 IST" name="testAuthorisationCode" finished-at="2021-04-03T17:34:18 IST" duration-ms="3153" status="PASS">
          <reporter-output>
          </reporter-output>
        </test-method> <!-- testAuthorisationCode -->
      </class> <!-- com.qa.oauth2.O.AuthorizationCodeGrantType -->
    </test> <!-- Test -->
  </suite> <!-- Suite -->
</testng-results>
