<?xml version="1.0" encoding="UTF-8"?>
<testng-results ignored="0" total="1" passed="1" failed="0" skipped="0">
  <reporter-output>
  </reporter-output>
  <suite started-at="2020-09-26T19:01:31 IST" name="Default suite" finished-at="2020-09-26T19:01:36 IST" duration-ms="4605">
    <groups>
    </groups>
    <test started-at="2020-09-26T19:01:31 IST" name="Default test" finished-at="2020-09-26T19:01:36 IST" duration-ms="4605">
      <class name="com.qa.test.AddPlace">
        <test-method signature="addPlaceTest()[pri:0, instance:com.qa.test.AddPlace@26275bef]" started-at="2020-09-26T19:01:31 IST" name="addPlaceTest" finished-at="2020-09-26T19:01:36 IST" duration-ms="4568" status="PASS">
          <reporter-output>
          </reporter-output>
        </test-method> <!-- addPlaceTest -->
      </class> <!-- com.qa.test.AddPlace -->
    </test> <!-- Default test -->
  </suite> <!-- Default suite -->
</testng-results>
