<?xml version="1.0" encoding="UTF-8"?>
<testng-results ignored="0" total="1" passed="1" failed="0" skipped="0">
  <reporter-output>
  </reporter-output>
  <suite started-at="2021-04-02T14:02:46 IST" name="Default suite" finished-at="2021-04-02T14:02:50 IST" duration-ms="4469">
    <groups>
    </groups>
    <test started-at="2021-04-02T14:02:46 IST" name="Default test" finished-at="2021-04-02T14:02:50 IST" duration-ms="4469">
      <class name="com.qa.googlemap.UpdatePlace">
        <test-method signature="updatePlaceTest()[pri:0, instance:com.qa.googlemap.UpdatePlace@1677d1]" started-at="2021-04-02T14:02:46 IST" name="updatePlaceTest" finished-at="2021-04-02T14:02:50 IST" duration-ms="4444" status="PASS">
          <reporter-output>
          </reporter-output>
        </test-method> <!-- updatePlaceTest -->
      </class> <!-- com.qa.googlemap.UpdatePlace -->
    </test> <!-- Default test -->
  </suite> <!-- Default suite -->
</testng-results>
