<?xml version="1.0" encoding="UTF-8"?>
<testng-results ignored="0" total="1" passed="1" failed="0" skipped="0">
  <reporter-output>
  </reporter-output>
  <suite started-at="2020-10-14T14:32:49 IST" name="Default suite" finished-at="2020-10-14T14:32:55 IST" duration-ms="6436">
    <groups>
    </groups>
    <test started-at="2020-10-14T14:32:49 IST" name="Default test" finished-at="2020-10-14T14:32:55 IST" duration-ms="6436">
      <class name="com.qa.jira_api.CreateIssue">
        <test-method signature="createSessionId()[pri:0, instance:com.qa.jira_api.CreateIssue@61386958]" started-at="2020-10-14T14:32:49 IST" name="createSessionId" finished-at="2020-10-14T14:32:55 IST" duration-ms="6403" status="PASS">
          <reporter-output>
          </reporter-output>
        </test-method> <!-- createSessionId -->
      </class> <!-- com.qa.jira_api.CreateIssue -->
    </test> <!-- Default test -->
  </suite> <!-- Default suite -->
</testng-results>
