<?xml version="1.0" encoding="UTF-8"?>
<testng-results ignored="0" total="1" passed="1" failed="0" skipped="0">
  <reporter-output>
  </reporter-output>
  <suite started-at="2020-10-26T08:45:06 IST" name="Default suite" finished-at="2020-10-26T08:45:08 IST" duration-ms="2427">
    <groups>
    </groups>
    <test started-at="2020-10-26T08:45:06 IST" name="Default test" finished-at="2020-10-26T08:45:08 IST" duration-ms="2427">
      <class name="com.qa.payload_types.PayloadAsByteArray">
        <test-method signature="AddBook4()[pri:0, instance:com.qa.payload_types.PayloadAsByteArray@69e1dd28]" started-at="2020-10-26T08:45:06 IST" name="AddBook4" finished-at="2020-10-26T08:45:08 IST" duration-ms="2389" status="PASS">
          <reporter-output>
          </reporter-output>
        </test-method> <!-- AddBook4 -->
      </class> <!-- com.qa.payload_types.PayloadAsByteArray -->
    </test> <!-- Default test -->
  </suite> <!-- Default suite -->
</testng-results>
